mode: atomic
github.com/josephburnett/jd/v2/array.go:9.57,12.2 2 130
github.com/josephburnett/jd/v2/array.go:14.57,17.2 2 0
github.com/josephburnett/jd/v2/array.go:19.38,21.22 2 200
github.com/josephburnett/jd/v2/array.go:21.22,23.3 1 518
github.com/josephburnett/jd/v2/array.go:24.2,24.10 1 200
github.com/josephburnett/jd/v2/array.go:27.64,31.2 3 193
github.com/josephburnett/jd/v2/array.go:33.55,36.2 2 365
github.com/josephburnett/jd/v2/array.go:38.61,43.2 4 30
github.com/josephburnett/jd/v2/array.go:50.8,54.2 3 70
github.com/josephburnett/jd/v2/array.go:56.52,58.2 1 30
github.com/josephburnett/jd/v2/array.go:60.144,64.2 3 95
github.com/josephburnett/jd/v2/bool.go:7.44,9.2 1 0
github.com/josephburnett/jd/v2/bool.go:11.44,13.2 1 0
github.com/josephburnett/jd/v2/bool.go:15.37,17.2 1 0
github.com/josephburnett/jd/v2/bool.go:19.63,21.9 2 0
github.com/josephburnett/jd/v2/bool.go:21.9,23.3 1 0
github.com/josephburnett/jd/v2/bool.go:24.2,24.17 1 0
github.com/josephburnett/jd/v2/bool.go:27.48,28.7 1 0
github.com/josephburnett/jd/v2/bool.go:28.7,30.3 1 0
github.com/josephburnett/jd/v2/bool.go:30.8,32.3 1 0
github.com/josephburnett/jd/v2/bool.go:35.60,38.2 2 0
github.com/josephburnett/jd/v2/bool.go:45.8,47.2 1 0
github.com/josephburnett/jd/v2/bool.go:49.51,51.2 1 0
github.com/josephburnett/jd/v2/bool.go:57.21,59.2 1 0
github.com/josephburnett/jd/v2/build_comp.go:7.126,10.16 3 221
github.com/josephburnett/jd/v2/build_comp.go:10.16,12.3 1 0
github.com/josephburnett/jd/v2/build_comp.go:13.2,13.25 1 221
github.com/josephburnett/jd/v2/build_comp.go:13.25,15.17 2 31
github.com/josephburnett/jd/v2/build_comp.go:15.17,17.4 1 0
github.com/josephburnett/jd/v2/build_comp.go:18.3,18.40 1 31
github.com/josephburnett/jd/v2/build_comp.go:21.2,21.26 1 190
github.com/josephburnett/jd/v2/build_comp.go:22.30,28.24 3 46
github.com/josephburnett/jd/v2/build_comp.go:28.24,30.4 1 130
github.com/josephburnett/jd/v2/build_comp.go:32.3,33.17 2 46
github.com/josephburnett/jd/v2/build_comp.go:33.17,35.4 1 0
github.com/josephburnett/jd/v2/build_comp.go:36.3,36.26 1 46
github.com/josephburnett/jd/v2/build_comp.go:36.26,37.47 1 4
github.com/josephburnett/jd/v2/build_comp.go:37.47,37.98 1 10
github.com/josephburnett/jd/v2/build_comp.go:40.3,41.17 2 46
github.com/josephburnett/jd/v2/build_comp.go:41.17,43.4 1 0
github.com/josephburnett/jd/v2/build_comp.go:44.3,46.20 2 46
github.com/josephburnett/jd/v2/build_comp.go:46.20,49.18 3 130
github.com/josephburnett/jd/v2/build_comp.go:49.18,51.5 1 0
github.com/josephburnett/jd/v2/build_comp.go:52.4,52.33 1 130
github.com/josephburnett/jd/v2/build_comp.go:52.33,54.19 2 7
github.com/josephburnett/jd/v2/build_comp.go:54.19,56.6 1 0
github.com/josephburnett/jd/v2/build_comp.go:58.4,59.18 2 130
github.com/josephburnett/jd/v2/build_comp.go:59.18,61.5 1 0
github.com/josephburnett/jd/v2/build_comp.go:62.4,62.21 1 130
github.com/josephburnett/jd/v2/build_comp.go:65.3,65.32 1 46
github.com/josephburnett/jd/v2/build_comp.go:65.32,67.18 2 2
github.com/josephburnett/jd/v2/build_comp.go:67.18,69.5 1 0
github.com/josephburnett/jd/v2/build_comp.go:70.4,71.18 2 2
github.com/josephburnett/jd/v2/build_comp.go:71.18,73.5 1 0
github.com/josephburnett/jd/v2/build_comp.go:74.4,74.21 1 2
github.com/josephburnett/jd/v2/build_comp.go:76.3,76.21 1 46
github.com/josephburnett/jd/v2/build_comp.go:78.21,80.17 2 25
github.com/josephburnett/jd/v2/build_comp.go:80.17,82.4 1 0
github.com/josephburnett/jd/v2/build_comp.go:83.3,83.26 1 25
github.com/josephburnett/jd/v2/build_comp.go:83.26,84.41 1 6
github.com/josephburnett/jd/v2/build_comp.go:84.41,84.68 1 23
github.com/josephburnett/jd/v2/build_comp.go:87.3,88.17 2 25
github.com/josephburnett/jd/v2/build_comp.go:88.17,90.4 1 0
github.com/josephburnett/jd/v2/build_comp.go:91.3,93.20 2 25
github.com/josephburnett/jd/v2/build_comp.go:93.20,95.18 2 80
github.com/josephburnett/jd/v2/build_comp.go:95.18,97.5 1 0
github.com/josephburnett/jd/v2/build_comp.go:98.4,98.19 1 80
github.com/josephburnett/jd/v2/build_comp.go:101.3,101.32 1 25
github.com/josephburnett/jd/v2/build_comp.go:101.32,103.18 2 9
github.com/josephburnett/jd/v2/build_comp.go:103.18,105.5 1 0
github.com/josephburnett/jd/v2/build_comp.go:106.4,106.19 1 9
github.com/josephburnett/jd/v2/build_comp.go:108.3,108.21 1 25
github.com/josephburnett/jd/v2/build_comp.go:110.10,111.19 1 119
github.com/josephburnett/jd/v2/build_comp.go:115.110,118.16 3 71
github.com/josephburnett/jd/v2/build_comp.go:118.16,120.3 1 0
github.com/josephburnett/jd/v2/build_comp.go:121.2,121.25 1 71
github.com/josephburnett/jd/v2/build_comp.go:121.25,124.33 3 13
github.com/josephburnett/jd/v2/build_comp.go:124.33,127.4 2 0
github.com/josephburnett/jd/v2/build_comp.go:128.3,128.23 1 13
github.com/josephburnett/jd/v2/build_comp.go:131.2,133.16 3 71
github.com/josephburnett/jd/v2/build_comp.go:133.16,135.3 1 0
github.com/josephburnett/jd/v2/build_comp.go:136.2,136.25 1 71
github.com/josephburnett/jd/v2/build_comp.go:136.25,138.18 2 9
github.com/josephburnett/jd/v2/build_comp.go:138.18,141.4 2 0
github.com/josephburnett/jd/v2/build_comp.go:142.3,142.20 1 9
github.com/josephburnett/jd/v2/build_comp.go:144.2,144.8 1 71
github.com/josephburnett/jd/v2/build_orig.go:7.80,9.16 2 22
github.com/josephburnett/jd/v2/build_orig.go:9.16,11.3 1 0
github.com/josephburnett/jd/v2/build_orig.go:12.2,12.36 1 22
github.com/josephburnett/jd/v2/build_orig.go:15.82,16.16 1 443
github.com/josephburnett/jd/v2/build_orig.go:16.16,18.17 2 320
github.com/josephburnett/jd/v2/build_orig.go:18.17,20.4 1 0
github.com/josephburnett/jd/v2/build_orig.go:21.3,21.18 1 320
github.com/josephburnett/jd/v2/build_orig.go:21.18,23.18 2 259
github.com/josephburnett/jd/v2/build_orig.go:23.18,25.5 1 0
github.com/josephburnett/jd/v2/build_orig.go:26.4,26.13 1 259
github.com/josephburnett/jd/v2/build_orig.go:27.11,28.25 1 24
github.com/josephburnett/jd/v2/build_orig.go:29.11,30.28 1 44
github.com/josephburnett/jd/v2/build_orig.go:31.11,32.28 1 71
github.com/josephburnett/jd/v2/build_orig.go:33.11,34.26 1 42
github.com/josephburnett/jd/v2/build_orig.go:35.11,36.26 1 0
github.com/josephburnett/jd/v2/build_orig.go:37.11,38.28 1 7
github.com/josephburnett/jd/v2/build_orig.go:39.11,40.28 1 32
github.com/josephburnett/jd/v2/build_orig.go:41.11,42.28 1 39
github.com/josephburnett/jd/v2/build_orig.go:45.3,45.30 1 61
github.com/josephburnett/jd/v2/build_orig.go:48.2,49.16 2 123
github.com/josephburnett/jd/v2/build_orig.go:49.16,51.3 1 0
github.com/josephburnett/jd/v2/build_orig.go:53.2,53.13 1 123
github.com/josephburnett/jd/v2/build_orig.go:53.13,55.17 2 43
github.com/josephburnett/jd/v2/build_orig.go:55.17,57.4 1 0
github.com/josephburnett/jd/v2/build_orig.go:58.3,59.22 2 43
github.com/josephburnett/jd/v2/build_orig.go:59.22,61.18 2 149
github.com/josephburnett/jd/v2/build_orig.go:61.18,63.5 1 0
github.com/josephburnett/jd/v2/build_orig.go:64.4,64.18 1 149
github.com/josephburnett/jd/v2/build_orig.go:66.3,66.18 1 43
github.com/josephburnett/jd/v2/build_orig.go:67.8,69.17 2 80
github.com/josephburnett/jd/v2/build_orig.go:69.17,71.4 1 0
github.com/josephburnett/jd/v2/build_orig.go:72.3,73.15 2 80
github.com/josephburnett/jd/v2/build_orig.go:73.15,75.18 2 241
github.com/josephburnett/jd/v2/build_orig.go:75.18,77.5 1 0
github.com/josephburnett/jd/v2/build_orig.go:78.4,79.18 2 241
github.com/josephburnett/jd/v2/build_orig.go:79.18,81.5 1 0
github.com/josephburnett/jd/v2/build_orig.go:82.4,82.16 1 241
github.com/josephburnett/jd/v2/build_orig.go:84.3,84.16 1 80
github.com/josephburnett/jd/v2/diff_common.go:8.8,10.17 2 450
github.com/josephburnett/jd/v2/diff_common.go:10.17,12.3 1 417
github.com/josephburnett/jd/v2/diff_common.go:13.2,14.18 2 33
github.com/josephburnett/jd/v2/diff_common.go:15.26,22.4 1 3
github.com/josephburnett/jd/v2/diff_common.go:23.10,28.4 1 30
github.com/josephburnett/jd/v2/diff_common.go:30.2,30.22 1 33
github.com/josephburnett/jd/v2/diff_read.go:11.50,13.16 2 0
github.com/josephburnett/jd/v2/diff_read.go:13.16,15.3 1 0
github.com/josephburnett/jd/v2/diff_read.go:16.2,16.32 1 0
github.com/josephburnett/jd/v2/diff_read.go:20.45,22.2 1 40
github.com/josephburnett/jd/v2/diff_read.go:24.39,38.31 6 40
github.com/josephburnett/jd/v2/diff_read.go:38.31,39.19 1 531
github.com/josephburnett/jd/v2/diff_read.go:39.19,40.12 1 40
github.com/josephburnett/jd/v2/diff_read.go:42.3,45.30 3 491
github.com/josephburnett/jd/v2/diff_read.go:45.30,46.24 1 491
github.com/josephburnett/jd/v2/diff_read.go:46.24,47.20 1 1338
github.com/josephburnett/jd/v2/diff_read.go:47.20,49.6 1 491
github.com/josephburnett/jd/v2/diff_read.go:51.4,51.78 1 0
github.com/josephburnett/jd/v2/diff_read.go:53.3,53.16 1 491
github.com/josephburnett/jd/v2/diff_read.go:54.13,55.19 1 31
github.com/josephburnett/jd/v2/diff_read.go:56.13,57.19 1 0
github.com/josephburnett/jd/v2/diff_read.go:58.11,59.29 1 130
github.com/josephburnett/jd/v2/diff_read.go:60.15,61.24 1 46
github.com/josephburnett/jd/v2/diff_read.go:62.15,63.39 1 139
github.com/josephburnett/jd/v2/diff_read.go:64.12,65.34 1 109
github.com/josephburnett/jd/v2/diff_read.go:66.14,67.29 1 36
github.com/josephburnett/jd/v2/diff_read.go:69.3,69.27 1 491
github.com/josephburnett/jd/v2/diff_read.go:69.27,71.4 1 0
github.com/josephburnett/jd/v2/diff_read.go:73.3,73.17 1 491
github.com/josephburnett/jd/v2/diff_read.go:74.12,75.39 1 0
github.com/josephburnett/jd/v2/diff_read.go:75.39,78.19 2 0
github.com/josephburnett/jd/v2/diff_read.go:78.19,80.6 1 0
github.com/josephburnett/jd/v2/diff_read.go:81.5,81.28 1 0
github.com/josephburnett/jd/v2/diff_read.go:83.4,84.18 2 0
github.com/josephburnett/jd/v2/diff_read.go:84.18,86.5 1 0
github.com/josephburnett/jd/v2/diff_read.go:87.4,88.18 2 0
github.com/josephburnett/jd/v2/diff_read.go:88.18,90.5 1 0
github.com/josephburnett/jd/v2/diff_read.go:91.4,92.16 2 0
github.com/josephburnett/jd/v2/diff_read.go:93.12,94.57 1 130
github.com/josephburnett/jd/v2/diff_read.go:94.57,97.19 2 99
github.com/josephburnett/jd/v2/diff_read.go:97.19,99.6 1 0
github.com/josephburnett/jd/v2/diff_read.go:100.5,100.28 1 99
github.com/josephburnett/jd/v2/diff_read.go:102.4,103.18 2 130
github.com/josephburnett/jd/v2/diff_read.go:103.18,105.5 1 0
github.com/josephburnett/jd/v2/diff_read.go:106.4,107.18 2 130
github.com/josephburnett/jd/v2/diff_read.go:107.18,109.5 1 0
github.com/josephburnett/jd/v2/diff_read.go:110.4,115.14 6 130
github.com/josephburnett/jd/v2/diff_read.go:116.12,117.19 1 10
github.com/josephburnett/jd/v2/diff_read.go:117.19,119.5 1 0
github.com/josephburnett/jd/v2/diff_read.go:120.4,121.18 2 10
github.com/josephburnett/jd/v2/diff_read.go:122.12,123.57 1 30
github.com/josephburnett/jd/v2/diff_read.go:123.57,125.5 1 0
github.com/josephburnett/jd/v2/diff_read.go:126.4,127.17 2 30
github.com/josephburnett/jd/v2/diff_read.go:128.12,129.11 1 52
github.com/josephburnett/jd/v2/diff_read.go:130.40,133.19 2 36
github.com/josephburnett/jd/v2/diff_read.go:133.19,135.6 1 0
github.com/josephburnett/jd/v2/diff_read.go:136.5,137.19 2 36
github.com/josephburnett/jd/v2/diff_read.go:138.59,140.19 2 16
github.com/josephburnett/jd/v2/diff_read.go:140.19,142.6 1 0
github.com/josephburnett/jd/v2/diff_read.go:143.5,145.18 2 16
github.com/josephburnett/jd/v2/diff_read.go:146.12,147.73 1 0
github.com/josephburnett/jd/v2/diff_read.go:149.12,151.18 2 139
github.com/josephburnett/jd/v2/diff_read.go:151.18,153.5 1 0
github.com/josephburnett/jd/v2/diff_read.go:154.4,155.18 2 139
github.com/josephburnett/jd/v2/diff_read.go:156.12,158.18 2 130
github.com/josephburnett/jd/v2/diff_read.go:158.18,160.5 1 0
github.com/josephburnett/jd/v2/diff_read.go:161.4,162.15 2 130
github.com/josephburnett/jd/v2/diff_read.go:163.11,164.40 1 0
github.com/josephburnett/jd/v2/diff_read.go:167.2,167.19 1 40
github.com/josephburnett/jd/v2/diff_read.go:167.19,170.3 1 0
github.com/josephburnett/jd/v2/diff_read.go:171.2,171.17 1 40
github.com/josephburnett/jd/v2/diff_read.go:171.17,174.3 1 0
github.com/josephburnett/jd/v2/diff_read.go:175.2,175.19 1 40
github.com/josephburnett/jd/v2/diff_read.go:175.19,179.17 2 31
github.com/josephburnett/jd/v2/diff_read.go:179.17,181.4 1 0
github.com/josephburnett/jd/v2/diff_read.go:182.3,182.26 1 31
github.com/josephburnett/jd/v2/diff_read.go:184.2,184.18 1 40
github.com/josephburnett/jd/v2/diff_read.go:187.45,188.43 1 130
github.com/josephburnett/jd/v2/diff_read.go:188.43,190.24 1 40
github.com/josephburnett/jd/v2/diff_read.go:190.24,192.4 1 0
github.com/josephburnett/jd/v2/diff_read.go:193.3,193.41 1 40
github.com/josephburnett/jd/v2/diff_read.go:194.72,195.14 1 40
github.com/josephburnett/jd/v2/diff_read.go:196.11,197.57 1 0
github.com/josephburnett/jd/v2/diff_read.go:200.2,200.12 1 90
github.com/josephburnett/jd/v2/diff_read.go:203.58,205.2 1 0
github.com/josephburnett/jd/v2/diff_read.go:207.78,211.2 3 0
github.com/josephburnett/jd/v2/diff_read.go:215.51,217.16 2 0
github.com/josephburnett/jd/v2/diff_read.go:217.16,219.3 1 0
github.com/josephburnett/jd/v2/diff_read.go:220.2,220.39 1 0
github.com/josephburnett/jd/v2/diff_read.go:235.46,238.16 3 9
github.com/josephburnett/jd/v2/diff_read.go:238.16,240.3 1 0
github.com/josephburnett/jd/v2/diff_read.go:241.2,242.21 2 9
github.com/josephburnett/jd/v2/diff_read.go:242.21,244.3 1 2
github.com/josephburnett/jd/v2/diff_read.go:245.2,246.6 2 7
github.com/josephburnett/jd/v2/diff_read.go:246.6,247.22 1 86
github.com/josephburnett/jd/v2/diff_read.go:247.22,249.4 1 7
github.com/josephburnett/jd/v2/diff_read.go:250.3,251.17 2 79
github.com/josephburnett/jd/v2/diff_read.go:251.17,253.4 1 0
github.com/josephburnett/jd/v2/diff_read.go:255.3,255.21 1 79
github.com/josephburnett/jd/v2/diff_read.go:255.21,257.4 1 7
github.com/josephburnett/jd/v2/diff_read.go:257.9,259.57 2 72
github.com/josephburnett/jd/v2/diff_read.go:259.57,263.5 2 36
github.com/josephburnett/jd/v2/diff_read.go:263.10,265.5 1 36
github.com/josephburnett/jd/v2/diff_read.go:277.95,278.21 1 48
github.com/josephburnett/jd/v2/diff_read.go:278.21,280.3 1 0
github.com/josephburnett/jd/v2/diff_read.go:281.2,281.46 1 48
github.com/josephburnett/jd/v2/diff_read.go:281.46,286.3 3 0
github.com/josephburnett/jd/v2/diff_read.go:289.2,290.16 2 48
github.com/josephburnett/jd/v2/diff_read.go:290.16,292.3 1 0
github.com/josephburnett/jd/v2/diff_read.go:293.2,293.20 1 48
github.com/josephburnett/jd/v2/diff_read.go:293.20,296.3 1 0
github.com/josephburnett/jd/v2/diff_read.go:297.2,298.9 2 48
github.com/josephburnett/jd/v2/diff_read.go:298.9,301.3 1 13
github.com/josephburnett/jd/v2/diff_read.go:302.2,303.16 2 35
github.com/josephburnett/jd/v2/diff_read.go:303.16,305.3 1 0
github.com/josephburnett/jd/v2/diff_read.go:306.2,306.20 1 35
github.com/josephburnett/jd/v2/diff_read.go:306.20,309.3 1 0
github.com/josephburnett/jd/v2/diff_read.go:310.2,311.9 2 35
github.com/josephburnett/jd/v2/diff_read.go:311.9,314.3 1 0
github.com/josephburnett/jd/v2/diff_read.go:315.2,315.9 1 35
github.com/josephburnett/jd/v2/diff_read.go:316.90,320.20 3 16
github.com/josephburnett/jd/v2/diff_read.go:321.59,326.17 3 2
github.com/josephburnett/jd/v2/diff_read.go:326.17,328.4 1 0
github.com/josephburnett/jd/v2/diff_read.go:329.3,330.24 2 2
github.com/josephburnett/jd/v2/diff_read.go:331.59,334.17 2 1
github.com/josephburnett/jd/v2/diff_read.go:334.17,336.4 1 0
github.com/josephburnett/jd/v2/diff_read.go:337.3,339.24 3 1
github.com/josephburnett/jd/v2/diff_read.go:340.10,341.22 1 16
github.com/josephburnett/jd/v2/diff_read.go:341.22,345.4 1 0
github.com/josephburnett/jd/v2/diff_read.go:347.2,348.16 2 16
github.com/josephburnett/jd/v2/diff_read.go:348.16,350.3 1 0
github.com/josephburnett/jd/v2/diff_read.go:351.2,351.20 1 16
github.com/josephburnett/jd/v2/diff_read.go:351.20,353.3 1 0
github.com/josephburnett/jd/v2/diff_read.go:354.2,355.9 2 16
github.com/josephburnett/jd/v2/diff_read.go:355.9,357.3 1 0
github.com/josephburnett/jd/v2/diff_read.go:358.2,358.9 1 16
github.com/josephburnett/jd/v2/diff_read.go:359.84,362.17 2 4
github.com/josephburnett/jd/v2/diff_read.go:362.17,364.4 1 0
github.com/josephburnett/jd/v2/diff_read.go:365.3,367.17 3 4
github.com/josephburnett/jd/v2/diff_read.go:367.17,369.4 1 0
github.com/josephburnett/jd/v2/diff_read.go:370.3,371.24 2 4
github.com/josephburnett/jd/v2/diff_read.go:372.114,376.17 3 0
github.com/josephburnett/jd/v2/diff_read.go:376.17,378.4 1 0
github.com/josephburnett/jd/v2/diff_read.go:379.3,380.24 2 0
github.com/josephburnett/jd/v2/diff_read.go:381.114,384.17 2 12
github.com/josephburnett/jd/v2/diff_read.go:384.17,386.4 1 0
github.com/josephburnett/jd/v2/diff_read.go:387.3,389.24 3 12
github.com/josephburnett/jd/v2/diff_read.go:390.10,392.20 1 0
github.com/josephburnett/jd/v2/diff_read.go:396.86,398.21 2 79
github.com/josephburnett/jd/v2/diff_read.go:398.21,400.3 1 0
github.com/josephburnett/jd/v2/diff_read.go:401.2,404.20 3 79
github.com/josephburnett/jd/v2/diff_read.go:404.20,406.22 2 48
github.com/josephburnett/jd/v2/diff_read.go:406.22,408.4 1 0
github.com/josephburnett/jd/v2/diff_read.go:409.3,409.15 1 48
github.com/josephburnett/jd/v2/diff_read.go:411.2,411.16 1 79
github.com/josephburnett/jd/v2/diff_read.go:411.16,413.3 1 0
github.com/josephburnett/jd/v2/diff_read.go:414.2,414.14 1 79
github.com/josephburnett/jd/v2/diff_read.go:415.14,418.17 2 42
github.com/josephburnett/jd/v2/diff_read.go:418.17,420.4 1 0
github.com/josephburnett/jd/v2/diff_read.go:422.3,423.17 2 42
github.com/josephburnett/jd/v2/diff_read.go:423.17,425.4 1 0
github.com/josephburnett/jd/v2/diff_read.go:426.3,428.49 2 42
github.com/josephburnett/jd/v2/diff_read.go:428.49,430.4 1 0
github.com/josephburnett/jd/v2/diff_read.go:431.3,431.30 1 42
github.com/josephburnett/jd/v2/diff_read.go:431.30,433.4 1 0
github.com/josephburnett/jd/v2/diff_read.go:434.3,435.17 2 42
github.com/josephburnett/jd/v2/diff_read.go:435.17,437.4 1 0
github.com/josephburnett/jd/v2/diff_read.go:438.3,438.37 1 42
github.com/josephburnett/jd/v2/diff_read.go:438.37,440.4 1 0
github.com/josephburnett/jd/v2/diff_read.go:441.3,441.27 1 42
github.com/josephburnett/jd/v2/diff_read.go:442.13,444.17 2 37
github.com/josephburnett/jd/v2/diff_read.go:444.17,446.4 1 0
github.com/josephburnett/jd/v2/diff_read.go:447.3,448.17 2 37
github.com/josephburnett/jd/v2/diff_read.go:448.17,450.4 1 0
github.com/josephburnett/jd/v2/diff_read.go:451.3,452.27 2 37
github.com/josephburnett/jd/v2/diff_read.go:453.10,454.82 1 0
github.com/josephburnett/jd/v2/diff_read.go:459.51,461.16 2 0
github.com/josephburnett/jd/v2/diff_read.go:461.16,463.3 1 0
github.com/josephburnett/jd/v2/diff_read.go:464.2,464.39 1 0
github.com/josephburnett/jd/v2/diff_read.go:468.46,470.16 2 10
github.com/josephburnett/jd/v2/diff_read.go:470.16,472.3 1 0
github.com/josephburnett/jd/v2/diff_read.go:473.2,474.28 2 10
github.com/josephburnett/jd/v2/diff_read.go:474.28,476.3 1 2
github.com/josephburnett/jd/v2/diff_read.go:477.2,478.16 2 8
github.com/josephburnett/jd/v2/diff_read.go:478.16,480.3 1 0
github.com/josephburnett/jd/v2/diff_read.go:481.2,481.36 1 8
github.com/josephburnett/jd/v2/diff_read.go:484.53,485.23 1 23
github.com/josephburnett/jd/v2/diff_read.go:486.18,487.23 1 10
github.com/josephburnett/jd/v2/diff_read.go:487.23,489.4 1 15
github.com/josephburnett/jd/v2/diff_read.go:490.3,490.18 1 10
github.com/josephburnett/jd/v2/diff_read.go:490.18,498.4 1 4
github.com/josephburnett/jd/v2/diff_read.go:499.16,500.11 1 0
github.com/josephburnett/jd/v2/diff_read.go:501.10,502.16 1 13
github.com/josephburnett/jd/v2/diff_read.go:502.16,504.4 1 2
github.com/josephburnett/jd/v2/diff_read.go:505.3,511.5 1 13
github.com/josephburnett/jd/v2/diff_read.go:513.2,513.10 1 6
github.com/josephburnett/jd/v2/diff_write.go:20.88,27.25 6 8
github.com/josephburnett/jd/v2/diff_write.go:27.25,28.70 1 495
github.com/josephburnett/jd/v2/diff_write.go:28.70,31.4 2 190
github.com/josephburnett/jd/v2/diff_write.go:31.9,35.4 3 305
github.com/josephburnett/jd/v2/diff_write.go:37.2,38.19 2 8
github.com/josephburnett/jd/v2/diff_write.go:41.52,54.43 10 130
github.com/josephburnett/jd/v2/diff_write.go:54.43,57.21 3 39
github.com/josephburnett/jd/v2/diff_write.go:57.21,59.29 2 8
github.com/josephburnett/jd/v2/diff_write.go:59.29,61.5 1 384
github.com/josephburnett/jd/v2/diff_write.go:62.4,63.29 2 8
github.com/josephburnett/jd/v2/diff_write.go:63.29,65.5 1 398
github.com/josephburnett/jd/v2/diff_write.go:66.4,67.29 2 8
github.com/josephburnett/jd/v2/diff_write.go:71.2,71.34 1 130
github.com/josephburnett/jd/v2/diff_write.go:71.34,72.21 1 46
github.com/josephburnett/jd/v2/diff_write.go:72.21,74.4 1 10
github.com/josephburnett/jd/v2/diff_write.go:74.9,76.18 2 36
github.com/josephburnett/jd/v2/diff_write.go:76.18,77.15 1 0
github.com/josephburnett/jd/v2/diff_write.go:79.4,81.23 3 36
github.com/josephburnett/jd/v2/diff_write.go:84.2,84.36 1 130
github.com/josephburnett/jd/v2/diff_write.go:84.36,85.23 1 139
github.com/josephburnett/jd/v2/diff_write.go:85.23,86.12 1 0
github.com/josephburnett/jd/v2/diff_write.go:88.3,88.36 1 139
github.com/josephburnett/jd/v2/diff_write.go:88.36,93.4 4 4
github.com/josephburnett/jd/v2/diff_write.go:93.9,94.15 1 135
github.com/josephburnett/jd/v2/diff_write.go:94.15,96.5 1 42
github.com/josephburnett/jd/v2/diff_write.go:97.4,98.18 2 135
github.com/josephburnett/jd/v2/diff_write.go:98.18,99.15 1 0
github.com/josephburnett/jd/v2/diff_write.go:101.4,104.15 4 135
github.com/josephburnett/jd/v2/diff_write.go:104.15,106.5 1 42
github.com/josephburnett/jd/v2/diff_write.go:109.2,109.33 1 130
github.com/josephburnett/jd/v2/diff_write.go:109.33,110.23 1 130
github.com/josephburnett/jd/v2/diff_write.go:110.23,111.15 1 0
github.com/josephburnett/jd/v2/diff_write.go:111.15,113.16 1 0
github.com/josephburnett/jd/v2/diff_write.go:113.16,115.6 1 0
github.com/josephburnett/jd/v2/diff_write.go:116.5,117.16 2 0
github.com/josephburnett/jd/v2/diff_write.go:117.16,119.6 1 0
github.com/josephburnett/jd/v2/diff_write.go:121.4,121.12 1 0
github.com/josephburnett/jd/v2/diff_write.go:123.3,123.36 1 130
github.com/josephburnett/jd/v2/diff_write.go:123.36,128.4 4 4
github.com/josephburnett/jd/v2/diff_write.go:128.9,129.15 1 126
github.com/josephburnett/jd/v2/diff_write.go:129.15,131.5 1 37
github.com/josephburnett/jd/v2/diff_write.go:132.4,133.18 2 126
github.com/josephburnett/jd/v2/diff_write.go:133.18,134.15 1 0
github.com/josephburnett/jd/v2/diff_write.go:136.4,139.15 4 126
github.com/josephburnett/jd/v2/diff_write.go:139.15,141.5 1 37
github.com/josephburnett/jd/v2/diff_write.go:144.2,144.32 1 130
github.com/josephburnett/jd/v2/diff_write.go:144.32,145.20 1 46
github.com/josephburnett/jd/v2/diff_write.go:145.20,147.4 1 30
github.com/josephburnett/jd/v2/diff_write.go:147.9,149.18 2 16
github.com/josephburnett/jd/v2/diff_write.go:149.18,150.15 1 0
github.com/josephburnett/jd/v2/diff_write.go:152.4,154.23 3 16
github.com/josephburnett/jd/v2/diff_write.go:157.2,157.19 1 130
github.com/josephburnett/jd/v2/diff_write.go:159.45,161.28 2 40
github.com/josephburnett/jd/v2/diff_write.go:161.28,163.3 1 130
github.com/josephburnett/jd/v2/diff_write.go:164.2,164.19 1 40
github.com/josephburnett/jd/v2/diff_write.go:167.45,168.17 1 9
github.com/josephburnett/jd/v2/diff_write.go:168.17,171.3 1 2
github.com/josephburnett/jd/v2/diff_write.go:172.2,173.28 2 7
github.com/josephburnett/jd/v2/diff_write.go:173.28,175.17 2 43
github.com/josephburnett/jd/v2/diff_write.go:175.17,177.4 1 0
github.com/josephburnett/jd/v2/diff_write.go:178.3,178.56 1 43
github.com/josephburnett/jd/v2/diff_write.go:178.56,180.4 1 0
github.com/josephburnett/jd/v2/diff_write.go:182.3,183.20 2 43
github.com/josephburnett/jd/v2/diff_write.go:183.20,185.4 1 0
github.com/josephburnett/jd/v2/diff_write.go:187.3,187.61 1 43
github.com/josephburnett/jd/v2/diff_write.go:187.61,188.30 1 17
github.com/josephburnett/jd/v2/diff_write.go:188.30,190.5 1 0
github.com/josephburnett/jd/v2/diff_write.go:191.4,192.11 2 17
github.com/josephburnett/jd/v2/diff_write.go:192.11,194.5 1 0
github.com/josephburnett/jd/v2/diff_write.go:195.4,199.18 5 17
github.com/josephburnett/jd/v2/diff_write.go:199.18,201.5 1 0
github.com/josephburnett/jd/v2/diff_write.go:202.4,206.6 1 17
github.com/josephburnett/jd/v2/diff_write.go:209.3,210.19 2 43
github.com/josephburnett/jd/v2/diff_write.go:210.19,212.4 1 0
github.com/josephburnett/jd/v2/diff_write.go:214.3,214.59 1 43
github.com/josephburnett/jd/v2/diff_write.go:214.59,215.30 1 6
github.com/josephburnett/jd/v2/diff_write.go:215.30,217.5 1 0
github.com/josephburnett/jd/v2/diff_write.go:218.4,219.11 2 6
github.com/josephburnett/jd/v2/diff_write.go:219.11,221.5 1 0
github.com/josephburnett/jd/v2/diff_write.go:222.4,227.18 6 6
github.com/josephburnett/jd/v2/diff_write.go:227.18,229.5 1 0
github.com/josephburnett/jd/v2/diff_write.go:230.4,234.6 1 6
github.com/josephburnett/jd/v2/diff_write.go:237.3,237.36 1 43
github.com/josephburnett/jd/v2/diff_write.go:237.36,238.33 1 42
github.com/josephburnett/jd/v2/diff_write.go:238.33,239.13 1 0
github.com/josephburnett/jd/v2/diff_write.go:241.4,250.6 2 42
github.com/josephburnett/jd/v2/diff_write.go:252.3,253.33 2 43
github.com/josephburnett/jd/v2/diff_write.go:253.33,254.30 1 37
github.com/josephburnett/jd/v2/diff_write.go:254.30,255.13 1 0
github.com/josephburnett/jd/v2/diff_write.go:257.4,261.6 1 37
github.com/josephburnett/jd/v2/diff_write.go:264.2,265.16 2 7
github.com/josephburnett/jd/v2/diff_write.go:265.16,267.3 1 0
github.com/josephburnett/jd/v2/diff_write.go:268.2,268.31 1 7
github.com/josephburnett/jd/v2/diff_write.go:271.45,272.17 1 10
github.com/josephburnett/jd/v2/diff_write.go:272.17,275.3 1 2
github.com/josephburnett/jd/v2/diff_write.go:276.2,276.22 1 8
github.com/josephburnett/jd/v2/diff_write.go:276.22,277.24 1 17
github.com/josephburnett/jd/v2/diff_write.go:277.24,279.4 1 0
github.com/josephburnett/jd/v2/diff_write.go:280.3,280.24 1 17
github.com/josephburnett/jd/v2/diff_write.go:280.24,281.24 1 17
github.com/josephburnett/jd/v2/diff_write.go:281.24,283.5 1 2
github.com/josephburnett/jd/v2/diff_write.go:286.2,287.16 2 8
github.com/josephburnett/jd/v2/diff_write.go:287.16,289.3 1 0
github.com/josephburnett/jd/v2/diff_write.go:290.2,290.31 1 8
github.com/josephburnett/jd/v2/hash_common.go:10.33,16.2 5 3485
github.com/josephburnett/jd/v2/hash_common.go:20.30,22.2 1 373
github.com/josephburnett/jd/v2/hash_common.go:24.40,25.43 1 1025
github.com/josephburnett/jd/v2/hash_common.go:25.43,27.3 1 530
github.com/josephburnett/jd/v2/hash_common.go:27.8,29.3 1 495
github.com/josephburnett/jd/v2/hash_common.go:32.35,34.2 1 530
github.com/josephburnett/jd/v2/hash_common.go:36.38,39.23 3 150
github.com/josephburnett/jd/v2/hash_common.go:39.23,41.3 1 356
github.com/josephburnett/jd/v2/hash_common.go:42.2,42.16 1 150
github.com/josephburnett/jd/v2/list.go:13.44,15.2 1 135
github.com/josephburnett/jd/v2/list.go:17.44,19.2 1 0
github.com/josephburnett/jd/v2/list.go:21.37,23.2 1 138
github.com/josephburnett/jd/v2/list.go:25.63,28.9 3 268
github.com/josephburnett/jd/v2/list.go:28.9,30.3 1 41
github.com/josephburnett/jd/v2/list.go:31.2,31.24 1 227
github.com/josephburnett/jd/v2/list.go:31.24,33.3 1 9
github.com/josephburnett/jd/v2/list.go:34.2,34.24 1 218
github.com/josephburnett/jd/v2/list.go:34.24,36.33 2 626
github.com/josephburnett/jd/v2/list.go:36.33,38.4 1 38
github.com/josephburnett/jd/v2/list.go:40.2,40.13 1 180
github.com/josephburnett/jd/v2/list.go:43.54,45.22 2 126
github.com/josephburnett/jd/v2/list.go:45.22,48.3 2 474
github.com/josephburnett/jd/v2/list.go:49.2,49.16 1 126
github.com/josephburnett/jd/v2/list.go:52.60,54.2 1 0
github.com/josephburnett/jd/v2/list.go:61.8,63.9 2 80
github.com/josephburnett/jd/v2/list.go:63.9,65.3 1 0
github.com/josephburnett/jd/v2/list.go:66.2,66.36 1 80
github.com/josephburnett/jd/v2/list.go:66.36,68.3 1 8
github.com/josephburnett/jd/v2/list.go:69.2,71.22 3 72
github.com/josephburnett/jd/v2/list.go:71.22,73.3 1 267
github.com/josephburnett/jd/v2/list.go:74.2,74.22 1 72
github.com/josephburnett/jd/v2/list.go:74.22,76.3 1 243
github.com/josephburnett/jd/v2/list.go:77.2,86.3 2 72
github.com/josephburnett/jd/v2/list.go:97.8,100.25 3 225
github.com/josephburnett/jd/v2/list.go:100.25,102.3 1 429
github.com/josephburnett/jd/v2/list.go:103.2,103.22 1 225
github.com/josephburnett/jd/v2/list.go:103.22,105.3 1 924
github.com/josephburnett/jd/v2/list.go:106.2,106.22 1 225
github.com/josephburnett/jd/v2/list.go:106.22,108.3 1 633
github.com/josephburnett/jd/v2/list.go:109.2,109.27 1 225
github.com/josephburnett/jd/v2/list.go:109.27,110.41 1 336
github.com/josephburnett/jd/v2/list.go:110.41,112.4 1 150
github.com/josephburnett/jd/v2/list.go:113.3,113.47 1 186
github.com/josephburnett/jd/v2/list.go:115.2,115.27 1 225
github.com/josephburnett/jd/v2/list.go:115.27,116.41 1 279
github.com/josephburnett/jd/v2/list.go:116.41,118.4 1 75
github.com/josephburnett/jd/v2/list.go:119.3,119.47 1 204
github.com/josephburnett/jd/v2/list.go:121.2,125.26 2 225
github.com/josephburnett/jd/v2/list.go:125.26,126.18 1 276
github.com/josephburnett/jd/v2/list.go:126.18,128.4 1 0
github.com/josephburnett/jd/v2/list.go:129.3,129.48 1 276
github.com/josephburnett/jd/v2/list.go:129.48,131.4 1 120
github.com/josephburnett/jd/v2/list.go:132.3,132.15 1 156
github.com/josephburnett/jd/v2/list.go:134.2,134.29 1 225
github.com/josephburnett/jd/v2/list.go:134.29,136.19 2 69
github.com/josephburnett/jd/v2/list.go:136.19,138.4 1 45
github.com/josephburnett/jd/v2/list.go:139.3,139.26 1 24
github.com/josephburnett/jd/v2/list.go:142.1,143.6 1 225
github.com/josephburnett/jd/v2/list.go:143.6,144.10 1 276
github.com/josephburnett/jd/v2/list.go:145.15,151.16 1 18
github.com/josephburnett/jd/v2/list.go:151.16,155.5 3 3
github.com/josephburnett/jd/v2/list.go:156.4,156.26 1 18
github.com/josephburnett/jd/v2/list.go:157.15,164.16 1 30
github.com/josephburnett/jd/v2/list.go:164.16,167.5 2 57
github.com/josephburnett/jd/v2/list.go:168.4,168.26 1 30
github.com/josephburnett/jd/v2/list.go:169.35,177.26 5 126
github.com/josephburnett/jd/v2/list.go:178.20,181.21 1 18
github.com/josephburnett/jd/v2/list.go:181.21,185.5 3 33
github.com/josephburnett/jd/v2/list.go:186.20,190.21 1 3
github.com/josephburnett/jd/v2/list.go:190.21,193.5 2 3
github.com/josephburnett/jd/v2/list.go:194.59,200.18 2 51
github.com/josephburnett/jd/v2/list.go:200.18,203.5 2 0
github.com/josephburnett/jd/v2/list.go:203.10,205.5 1 51
github.com/josephburnett/jd/v2/list.go:206.4,209.26 4 51
github.com/josephburnett/jd/v2/list.go:210.11,218.16 5 30
github.com/josephburnett/jd/v2/list.go:222.2,222.17 1 225
github.com/josephburnett/jd/v2/list.go:222.17,226.3 1 105
github.com/josephburnett/jd/v2/list.go:226.8,227.33 1 120
github.com/josephburnett/jd/v2/list.go:227.34,229.4 0 51
github.com/josephburnett/jd/v2/list.go:229.9,232.18 1 69
github.com/josephburnett/jd/v2/list.go:232.18,234.5 1 69
github.com/josephburnett/jd/v2/list.go:237.2,237.22 1 225
github.com/josephburnett/jd/v2/list.go:237.22,239.3 1 72
github.com/josephburnett/jd/v2/list.go:241.2,249.7 1 153
github.com/josephburnett/jd/v2/list.go:252.90,254.18 2 0
github.com/josephburnett/jd/v2/list.go:255.26,262.4 1 0
github.com/josephburnett/jd/v2/list.go:263.10,268.4 1 0
github.com/josephburnett/jd/v2/list.go:270.2,270.16 1 0
github.com/josephburnett/jd/v2/list.go:273.88,274.30 1 8
github.com/josephburnett/jd/v2/list.go:274.30,283.3 2 8
github.com/josephburnett/jd/v2/list.go:284.2,284.15 1 0
github.com/josephburnett/jd/v2/list.go:287.64,290.19 3 81
github.com/josephburnett/jd/v2/list.go:291.18,292.35 1 33
github.com/josephburnett/jd/v2/list.go:292.35,294.4 1 33
github.com/josephburnett/jd/v2/list.go:295.16,296.33 1 18
github.com/josephburnett/jd/v2/list.go:296.33,298.4 1 18
github.com/josephburnett/jd/v2/list.go:299.15,300.32 1 0
github.com/josephburnett/jd/v2/list.go:300.32,302.4 1 0
github.com/josephburnett/jd/v2/list.go:303.20,304.37 1 0
github.com/josephburnett/jd/v2/list.go:304.37,306.4 1 0
github.com/josephburnett/jd/v2/list.go:307.10,308.15 1 30
github.com/josephburnett/jd/v2/list.go:310.2,310.14 1 0
github.com/josephburnett/jd/v2/list.go:313.51,315.2 1 0
github.com/josephburnett/jd/v2/list.go:317.146,319.36 1 193
github.com/josephburnett/jd/v2/list.go:319.36,321.3 1 9
github.com/josephburnett/jd/v2/list.go:324.2,324.25 1 184
github.com/josephburnett/jd/v2/list.go:324.25,325.50 1 5
github.com/josephburnett/jd/v2/list.go:325.50,327.4 1 0
github.com/josephburnett/jd/v2/list.go:328.3,328.64 1 5
github.com/josephburnett/jd/v2/list.go:328.64,330.4 1 0
github.com/josephburnett/jd/v2/list.go:331.3,331.33 1 5
github.com/josephburnett/jd/v2/list.go:331.33,333.4 1 0
github.com/josephburnett/jd/v2/list.go:334.3,334.26 1 5
github.com/josephburnett/jd/v2/list.go:334.26,336.4 1 5
github.com/josephburnett/jd/v2/list.go:336.9,338.4 1 0
github.com/josephburnett/jd/v2/list.go:341.2,343.9 3 179
github.com/josephburnett/jd/v2/list.go:343.9,345.3 1 0
github.com/josephburnett/jd/v2/list.go:348.2,348.19 1 179
github.com/josephburnett/jd/v2/list.go:348.19,349.24 1 112
github.com/josephburnett/jd/v2/list.go:349.24,351.4 1 0
github.com/josephburnett/jd/v2/list.go:352.3,353.17 2 112
github.com/josephburnett/jd/v2/list.go:353.17,355.4 1 0
github.com/josephburnett/jd/v2/list.go:356.3,357.16 2 112
github.com/josephburnett/jd/v2/list.go:361.2,361.18 1 67
github.com/josephburnett/jd/v2/list.go:361.18,362.28 1 0
github.com/josephburnett/jd/v2/list.go:362.28,364.4 1 0
github.com/josephburnett/jd/v2/list.go:365.3,366.16 2 0
github.com/josephburnett/jd/v2/list.go:370.2,370.27 1 67
github.com/josephburnett/jd/v2/list.go:370.27,372.10 2 3
github.com/josephburnett/jd/v2/list.go:373.19,374.33 1 3
github.com/josephburnett/jd/v2/list.go:374.33,375.13 1 3
github.com/josephburnett/jd/v2/list.go:377.4,377.91 1 0
github.com/josephburnett/jd/v2/list.go:378.29,379.85 1 0
github.com/josephburnett/jd/v2/list.go:384.2,384.28 1 67
github.com/josephburnett/jd/v2/list.go:384.28,385.24 1 89
github.com/josephburnett/jd/v2/list.go:385.24,387.4 1 0
github.com/josephburnett/jd/v2/list.go:388.3,388.36 1 89
github.com/josephburnett/jd/v2/list.go:388.36,390.4 1 0
github.com/josephburnett/jd/v2/list.go:391.3,392.34 2 89
github.com/josephburnett/jd/v2/list.go:394.2,397.21 4 67
github.com/josephburnett/jd/v2/list.go:397.21,399.3 1 22
github.com/josephburnett/jd/v2/list.go:402.2,402.26 1 67
github.com/josephburnett/jd/v2/list.go:402.26,404.24 2 3
github.com/josephburnett/jd/v2/list.go:404.24,405.37 1 3
github.com/josephburnett/jd/v2/list.go:405.37,406.13 1 3
github.com/josephburnett/jd/v2/list.go:408.4,408.90 1 0
github.com/josephburnett/jd/v2/list.go:410.3,410.27 1 0
github.com/josephburnett/jd/v2/list.go:410.27,412.4 1 0
github.com/josephburnett/jd/v2/list.go:415.2,415.16 1 67
github.com/josephburnett/jd/v2/metadata.go:13.49,16.9 3 0
github.com/josephburnett/jd/v2/metadata.go:16.9,18.3 1 0
github.com/josephburnett/jd/v2/metadata.go:19.2,19.22 1 0
github.com/josephburnett/jd/v2/metadata.go:19.22,20.12 1 0
github.com/josephburnett/jd/v2/metadata.go:21.16,23.11 2 0
github.com/josephburnett/jd/v2/metadata.go:23.11,25.5 1 0
github.com/josephburnett/jd/v2/metadata.go:26.4,26.21 1 0
github.com/josephburnett/jd/v2/metadata.go:27.11,28.50 1 0
github.com/josephburnett/jd/v2/metadata.go:31.2,31.15 1 0
github.com/josephburnett/jd/v2/metadata.go:34.47,35.23 1 0
github.com/josephburnett/jd/v2/metadata.go:35.23,37.3 1 0
github.com/josephburnett/jd/v2/metadata.go:38.2,38.10 1 0
github.com/josephburnett/jd/v2/metadata.go:45.50,48.2 2 0
github.com/josephburnett/jd/v2/metadata.go:54.43,54.44 0 0
github.com/josephburnett/jd/v2/metadata.go:56.35,58.22 2 130
github.com/josephburnett/jd/v2/metadata.go:58.22,61.3 2 0
github.com/josephburnett/jd/v2/metadata.go:62.2,62.19 1 130
github.com/josephburnett/jd/v2/metadata.go:65.38,66.13 1 0
github.com/josephburnett/jd/v2/metadata.go:66.13,68.3 1 0
github.com/josephburnett/jd/v2/metadata.go:68.8,70.3 1 0
github.com/josephburnett/jd/v2/multiset.go:12.48,14.2 1 0
github.com/josephburnett/jd/v2/multiset.go:16.48,18.2 1 0
github.com/josephburnett/jd/v2/multiset.go:20.41,22.2 1 0
github.com/josephburnett/jd/v2/multiset.go:24.67,27.9 3 10
github.com/josephburnett/jd/v2/multiset.go:27.9,29.3 1 0
github.com/josephburnett/jd/v2/multiset.go:30.2,30.24 1 10
github.com/josephburnett/jd/v2/multiset.go:30.24,32.3 1 0
github.com/josephburnett/jd/v2/multiset.go:33.2,33.50 1 10
github.com/josephburnett/jd/v2/multiset.go:33.50,35.3 1 10
github.com/josephburnett/jd/v2/multiset.go:35.8,37.3 1 0
github.com/josephburnett/jd/v2/multiset.go:40.58,42.22 2 169
github.com/josephburnett/jd/v2/multiset.go:42.22,44.3 1 612
github.com/josephburnett/jd/v2/multiset.go:45.2,47.22 3 169
github.com/josephburnett/jd/v2/multiset.go:47.22,49.3 1 612
github.com/josephburnett/jd/v2/multiset.go:50.2,50.16 1 169
github.com/josephburnett/jd/v2/multiset.go:53.64,55.2 1 0
github.com/josephburnett/jd/v2/multiset.go:62.8,65.9 3 8
github.com/josephburnett/jd/v2/multiset.go:65.9,68.19 2 0
github.com/josephburnett/jd/v2/multiset.go:69.27,76.5 1 0
github.com/josephburnett/jd/v2/multiset.go:77.11,82.5 1 0
github.com/josephburnett/jd/v2/multiset.go:84.3,84.22 1 0
github.com/josephburnett/jd/v2/multiset.go:86.2,86.53 1 8
github.com/josephburnett/jd/v2/multiset.go:86.53,95.3 2 0
github.com/josephburnett/jd/v2/multiset.go:96.2,98.23 3 8
github.com/josephburnett/jd/v2/multiset.go:98.23,102.3 3 25
github.com/josephburnett/jd/v2/multiset.go:103.2,105.23 3 8
github.com/josephburnett/jd/v2/multiset.go:105.23,109.3 3 25
github.com/josephburnett/jd/v2/multiset.go:110.2,117.27 4 8
github.com/josephburnett/jd/v2/multiset.go:117.27,119.3 1 19
github.com/josephburnett/jd/v2/multiset.go:120.2,122.27 3 8
github.com/josephburnett/jd/v2/multiset.go:122.27,124.3 1 18
github.com/josephburnett/jd/v2/multiset.go:125.2,126.30 2 8
github.com/josephburnett/jd/v2/multiset.go:126.30,129.10 3 19
github.com/josephburnett/jd/v2/multiset.go:129.10,131.4 1 16
github.com/josephburnett/jd/v2/multiset.go:132.3,133.18 2 19
github.com/josephburnett/jd/v2/multiset.go:133.18,134.33 1 17
github.com/josephburnett/jd/v2/multiset.go:134.33,136.5 1 21
github.com/josephburnett/jd/v2/multiset.go:139.2,139.30 1 8
github.com/josephburnett/jd/v2/multiset.go:139.30,142.10 3 18
github.com/josephburnett/jd/v2/multiset.go:142.10,144.4 1 15
github.com/josephburnett/jd/v2/multiset.go:145.3,146.16 2 18
github.com/josephburnett/jd/v2/multiset.go:146.16,147.31 1 16
github.com/josephburnett/jd/v2/multiset.go:147.31,149.5 1 21
github.com/josephburnett/jd/v2/multiset.go:152.2,152.41 1 8
github.com/josephburnett/jd/v2/multiset.go:152.41,154.3 1 8
github.com/josephburnett/jd/v2/multiset.go:155.2,155.10 1 8
github.com/josephburnett/jd/v2/multiset.go:158.55,160.2 1 0
github.com/josephburnett/jd/v2/multiset.go:162.147,165.36 1 8
github.com/josephburnett/jd/v2/multiset.go:165.36,167.3 1 0
github.com/josephburnett/jd/v2/multiset.go:171.2,171.25 1 8
github.com/josephburnett/jd/v2/multiset.go:171.25,172.47 1 0
github.com/josephburnett/jd/v2/multiset.go:172.47,174.4 1 0
github.com/josephburnett/jd/v2/multiset.go:175.3,177.26 3 0
github.com/josephburnett/jd/v2/multiset.go:177.26,179.4 1 0
github.com/josephburnett/jd/v2/multiset.go:180.3,180.23 1 0
github.com/josephburnett/jd/v2/multiset.go:183.2,185.9 3 8
github.com/josephburnett/jd/v2/multiset.go:185.9,188.3 1 0
github.com/josephburnett/jd/v2/multiset.go:189.2,191.22 3 8
github.com/josephburnett/jd/v2/multiset.go:191.22,195.3 3 25
github.com/josephburnett/jd/v2/multiset.go:196.2,196.30 1 8
github.com/josephburnett/jd/v2/multiset.go:196.30,200.3 3 21
github.com/josephburnett/jd/v2/multiset.go:201.2,201.33 1 8
github.com/josephburnett/jd/v2/multiset.go:201.33,202.16 1 19
github.com/josephburnett/jd/v2/multiset.go:202.16,206.4 1 0
github.com/josephburnett/jd/v2/multiset.go:208.2,208.30 1 8
github.com/josephburnett/jd/v2/multiset.go:208.30,212.3 3 21
github.com/josephburnett/jd/v2/multiset.go:213.2,214.26 2 8
github.com/josephburnett/jd/v2/multiset.go:214.26,215.22 1 34
github.com/josephburnett/jd/v2/multiset.go:215.22,216.37 1 18
github.com/josephburnett/jd/v2/multiset.go:216.37,218.5 1 25
github.com/josephburnett/jd/v2/multiset.go:221.2,223.29 3 8
github.com/josephburnett/jd/v2/multiset.go:223.29,225.3 1 25
github.com/josephburnett/jd/v2/multiset.go:226.2,226.22 1 8
github.com/josephburnett/jd/v2/node.go:58.51,59.23 1 3820
github.com/josephburnett/jd/v2/node.go:60.30,62.23 2 510
github.com/josephburnett/jd/v2/node.go:62.23,64.11 2 1187
github.com/josephburnett/jd/v2/node.go:64.11,66.19 2 1187
github.com/josephburnett/jd/v2/node.go:66.19,68.6 1 0
github.com/josephburnett/jd/v2/node.go:69.5,69.10 1 1187
github.com/josephburnett/jd/v2/node.go:71.4,71.12 1 1187
github.com/josephburnett/jd/v2/node.go:73.3,73.16 1 510
github.com/josephburnett/jd/v2/node.go:74.35,76.23 2 0
github.com/josephburnett/jd/v2/node.go:76.23,78.11 2 0
github.com/josephburnett/jd/v2/node.go:78.11,80.5 1 0
github.com/josephburnett/jd/v2/node.go:81.4,81.34 1 0
github.com/josephburnett/jd/v2/node.go:81.34,83.19 2 0
github.com/josephburnett/jd/v2/node.go:83.19,85.6 1 0
github.com/josephburnett/jd/v2/node.go:86.5,86.13 1 0
github.com/josephburnett/jd/v2/node.go:89.3,89.16 1 0
github.com/josephburnett/jd/v2/node.go:90.21,92.23 2 488
github.com/josephburnett/jd/v2/node.go:92.23,93.34 1 1497
github.com/josephburnett/jd/v2/node.go:93.34,95.19 2 1497
github.com/josephburnett/jd/v2/node.go:95.19,97.6 1 0
github.com/josephburnett/jd/v2/node.go:98.5,98.13 1 1497
github.com/josephburnett/jd/v2/node.go:101.3,101.16 1 488
github.com/josephburnett/jd/v2/node.go:102.15,103.28 1 1717
github.com/josephburnett/jd/v2/node.go:104.11,105.28 1 286
github.com/josephburnett/jd/v2/node.go:106.14,107.28 1 817
github.com/josephburnett/jd/v2/node.go:108.12,109.26 1 0
github.com/josephburnett/jd/v2/node.go:110.11,111.28 1 2
github.com/josephburnett/jd/v2/node.go:112.10,113.51 1 0
github.com/josephburnett/jd/v2/node.go:117.41,119.17 2 236
github.com/josephburnett/jd/v2/node.go:119.17,121.3 1 104
github.com/josephburnett/jd/v2/node.go:122.2,122.29 1 132
github.com/josephburnett/jd/v2/node.go:122.29,124.3 1 0
github.com/josephburnett/jd/v2/node.go:125.2,125.24 1 132
github.com/josephburnett/jd/v2/node_read.go:12.54,14.16 2 0
github.com/josephburnett/jd/v2/node_read.go:14.16,16.3 1 0
github.com/josephburnett/jd/v2/node_read.go:17.2,17.41 1 0
github.com/josephburnett/jd/v2/node_read.go:21.54,23.16 2 0
github.com/josephburnett/jd/v2/node_read.go:23.16,25.3 1 0
github.com/josephburnett/jd/v2/node_read.go:26.2,26.41 1 0
github.com/josephburnett/jd/v2/node_read.go:30.49,32.2 1 542
github.com/josephburnett/jd/v2/node_read.go:35.49,37.2 1 0
github.com/josephburnett/jd/v2/node_read.go:39.84,40.44 1 542
github.com/josephburnett/jd/v2/node_read.go:40.44,42.3 1 0
github.com/josephburnett/jd/v2/node_read.go:43.2,45.16 3 542
github.com/josephburnett/jd/v2/node_read.go:45.16,47.3 1 1
github.com/josephburnett/jd/v2/node_read.go:48.2,49.16 2 541
github.com/josephburnett/jd/v2/node_read.go:49.16,51.3 1 0
github.com/josephburnett/jd/v2/node_read.go:52.2,52.15 1 541
github.com/josephburnett/jd/v2/node_write.go:9.39,11.16 2 225
github.com/josephburnett/jd/v2/node_write.go:11.16,12.13 1 0
github.com/josephburnett/jd/v2/node_write.go:14.2,14.18 1 225
github.com/josephburnett/jd/v2/node_write.go:17.39,19.16 2 0
github.com/josephburnett/jd/v2/node_write.go:19.16,20.13 1 0
github.com/josephburnett/jd/v2/node_write.go:22.2,22.18 1 0
github.com/josephburnett/jd/v2/null.go:7.44,9.2 1 0
github.com/josephburnett/jd/v2/null.go:11.44,13.2 1 0
github.com/josephburnett/jd/v2/null.go:15.37,17.2 1 2
github.com/josephburnett/jd/v2/null.go:19.65,20.21 1 0
github.com/josephburnett/jd/v2/null.go:21.16,22.14 1 0
github.com/josephburnett/jd/v2/null.go:23.10,24.15 1 0
github.com/josephburnett/jd/v2/null.go:28.48,30.2 1 0
github.com/josephburnett/jd/v2/null.go:32.63,34.2 1 0
github.com/josephburnett/jd/v2/null.go:41.8,43.2 1 0
github.com/josephburnett/jd/v2/null.go:45.51,47.2 1 0
github.com/josephburnett/jd/v2/null.go:53.21,55.2 1 0
github.com/josephburnett/jd/v2/number.go:13.46,15.2 1 0
github.com/josephburnett/jd/v2/number.go:17.46,19.2 1 0
github.com/josephburnett/jd/v2/number.go:21.39,23.2 1 368
github.com/josephburnett/jd/v2/number.go:25.68,28.54 2 1296
github.com/josephburnett/jd/v2/number.go:28.54,30.3 1 0
github.com/josephburnett/jd/v2/number.go:32.2,33.9 2 1296
github.com/josephburnett/jd/v2/number.go:33.9,35.3 1 92
github.com/josephburnett/jd/v2/number.go:36.2,36.55 1 1204
github.com/josephburnett/jd/v2/number.go:39.56,44.2 4 1633
github.com/josephburnett/jd/v2/number.go:46.65,48.2 1 0
github.com/josephburnett/jd/v2/number.go:55.8,57.2 1 348
github.com/josephburnett/jd/v2/number.go:59.53,61.2 1 0
github.com/josephburnett/jd/v2/number.go:67.21,69.2 1 47
github.com/josephburnett/jd/v2/object.go:12.33,14.2 1 520
github.com/josephburnett/jd/v2/object.go:16.46,18.2 1 90
github.com/josephburnett/jd/v2/object.go:20.51,22.2 1 87
github.com/josephburnett/jd/v2/object.go:24.46,26.2 1 0
github.com/josephburnett/jd/v2/object.go:28.39,30.22 2 124
github.com/josephburnett/jd/v2/object.go:30.22,32.3 1 153
github.com/josephburnett/jd/v2/object.go:33.2,33.10 1 124
github.com/josephburnett/jd/v2/object.go:36.65,38.9 2 341
github.com/josephburnett/jd/v2/object.go:38.9,40.3 1 27
github.com/josephburnett/jd/v2/object.go:41.2,41.24 1 314
github.com/josephburnett/jd/v2/object.go:41.24,43.3 1 10
github.com/josephburnett/jd/v2/object.go:45.2,45.29 1 304
github.com/josephburnett/jd/v2/object.go:45.29,47.10 2 766
github.com/josephburnett/jd/v2/object.go:47.10,49.4 1 1
github.com/josephburnett/jd/v2/object.go:50.3,51.11 2 765
github.com/josephburnett/jd/v2/object.go:51.11,53.4 1 1
github.com/josephburnett/jd/v2/object.go:55.2,55.13 1 302
github.com/josephburnett/jd/v2/object.go:58.56,60.19 2 298
github.com/josephburnett/jd/v2/object.go:60.19,62.3 1 533
github.com/josephburnett/jd/v2/object.go:63.2,65.25 3 298
github.com/josephburnett/jd/v2/object.go:65.25,70.3 4 533
github.com/josephburnett/jd/v2/object.go:71.2,71.16 1 298
github.com/josephburnett/jd/v2/object.go:76.53,78.9 2 42
github.com/josephburnett/jd/v2/object.go:78.9,80.3 1 42
github.com/josephburnett/jd/v2/object.go:81.2,86.38 2 0
github.com/josephburnett/jd/v2/object.go:86.38,88.9 2 0
github.com/josephburnett/jd/v2/object.go:88.9,90.4 1 0
github.com/josephburnett/jd/v2/object.go:92.2,92.22 1 0
github.com/josephburnett/jd/v2/object.go:92.22,94.3 1 0
github.com/josephburnett/jd/v2/object.go:95.2,95.25 1 0
github.com/josephburnett/jd/v2/object.go:98.80,100.28 2 0
github.com/josephburnett/jd/v2/object.go:100.28,102.3 1 0
github.com/josephburnett/jd/v2/object.go:103.2,104.27 2 0
github.com/josephburnett/jd/v2/object.go:104.27,105.30 1 0
github.com/josephburnett/jd/v2/object.go:105.30,107.4 1 0
github.com/josephburnett/jd/v2/object.go:109.2,110.31 2 0
github.com/josephburnett/jd/v2/object.go:113.62,115.2 1 30
github.com/josephburnett/jd/v2/object.go:122.8,125.9 3 238
github.com/josephburnett/jd/v2/object.go:125.9,128.19 2 6
github.com/josephburnett/jd/v2/object.go:129.27,136.5 1 1
github.com/josephburnett/jd/v2/object.go:137.11,142.5 1 5
github.com/josephburnett/jd/v2/object.go:144.3,144.22 1 6
github.com/josephburnett/jd/v2/object.go:146.2,147.20 2 232
github.com/josephburnett/jd/v2/object.go:147.20,149.3 1 701
github.com/josephburnett/jd/v2/object.go:150.2,152.20 3 232
github.com/josephburnett/jd/v2/object.go:152.20,154.3 1 713
github.com/josephburnett/jd/v2/object.go:155.2,156.28 2 232
github.com/josephburnett/jd/v2/object.go:156.28,158.27 2 701
github.com/josephburnett/jd/v2/object.go:158.27,162.4 2 674
github.com/josephburnett/jd/v2/object.go:162.9,165.20 2 27
github.com/josephburnett/jd/v2/object.go:166.28,173.6 1 2
github.com/josephburnett/jd/v2/object.go:174.12,179.6 1 25
github.com/josephburnett/jd/v2/object.go:181.4,181.20 1 27
github.com/josephburnett/jd/v2/object.go:184.2,184.28 1 232
github.com/josephburnett/jd/v2/object.go:184.28,186.27 2 713
github.com/josephburnett/jd/v2/object.go:186.27,189.20 2 39
github.com/josephburnett/jd/v2/object.go:190.28,198.6 1 3
github.com/josephburnett/jd/v2/object.go:199.12,204.6 1 36
github.com/josephburnett/jd/v2/object.go:206.4,206.20 1 39
github.com/josephburnett/jd/v2/object.go:209.2,209.10 1 232
github.com/josephburnett/jd/v2/object.go:212.53,214.2 1 29
github.com/josephburnett/jd/v2/object.go:220.21,221.73 1 251
github.com/josephburnett/jd/v2/object.go:221.73,223.3 1 0
github.com/josephburnett/jd/v2/object.go:225.2,225.25 1 251
github.com/josephburnett/jd/v2/object.go:225.25,227.37 2 10
github.com/josephburnett/jd/v2/object.go:227.37,229.4 1 2
github.com/josephburnett/jd/v2/object.go:230.3,231.26 2 8
github.com/josephburnett/jd/v2/object.go:231.26,233.4 1 0
github.com/josephburnett/jd/v2/object.go:234.3,234.23 1 8
github.com/josephburnett/jd/v2/object.go:237.2,239.9 3 241
github.com/josephburnett/jd/v2/object.go:239.9,243.3 1 0
github.com/josephburnett/jd/v2/object.go:244.2,245.9 2 241
github.com/josephburnett/jd/v2/object.go:245.9,246.19 1 50
github.com/josephburnett/jd/v2/object.go:247.27,249.22 1 15
github.com/josephburnett/jd/v2/object.go:249.22,251.5 1 12
github.com/josephburnett/jd/v2/object.go:251.10,253.5 1 3
github.com/josephburnett/jd/v2/object.go:254.28,255.25 1 35
github.com/josephburnett/jd/v2/object.go:256.11,257.65 1 0
github.com/josephburnett/jd/v2/object.go:260.2,261.16 2 241
github.com/josephburnett/jd/v2/object.go:261.16,263.3 1 0
github.com/josephburnett/jd/v2/object.go:264.2,264.25 1 241
github.com/josephburnett/jd/v2/object.go:264.25,267.3 1 26
github.com/josephburnett/jd/v2/object.go:267.8,270.3 1 215
github.com/josephburnett/jd/v2/object.go:271.2,271.15 1 241
github.com/josephburnett/jd/v2/options.go:16.34,16.35 0 0
github.com/josephburnett/jd/v2/options.go:17.52,19.2 1 0
github.com/josephburnett/jd/v2/options.go:20.52,22.2 1 0
github.com/josephburnett/jd/v2/options.go:23.38,23.56 1 0
github.com/josephburnett/jd/v2/options.go:29.32,29.33 0 0
github.com/josephburnett/jd/v2/options.go:30.50,32.2 1 0
github.com/josephburnett/jd/v2/options.go:33.50,35.2 1 0
github.com/josephburnett/jd/v2/options.go:41.37,41.38 0 0
github.com/josephburnett/jd/v2/options.go:42.55,44.2 1 0
github.com/josephburnett/jd/v2/options.go:45.55,47.2 1 0
github.com/josephburnett/jd/v2/options.go:53.34,53.35 0 0
github.com/josephburnett/jd/v2/options.go:54.52,56.2 1 0
github.com/josephburnett/jd/v2/options.go:57.52,59.2 1 0
github.com/josephburnett/jd/v2/options.go:65.42,67.2 1 0
github.com/josephburnett/jd/v2/options.go:68.38,68.39 0 0
github.com/josephburnett/jd/v2/options.go:69.56,73.2 1 0
github.com/josephburnett/jd/v2/options.go:74.56,76.16 2 0
github.com/josephburnett/jd/v2/options.go:76.16,78.3 1 0
github.com/josephburnett/jd/v2/options.go:79.2,82.12 2 0
github.com/josephburnett/jd/v2/options.go:90.45,92.2 1 0
github.com/josephburnett/jd/v2/options.go:93.33,93.34 0 0
github.com/josephburnett/jd/v2/options.go:97.37,99.2 1 0
github.com/josephburnett/jd/v2/options.go:100.36,100.37 0 0
github.com/josephburnett/jd/v2/options.go:101.54,105.2 1 0
github.com/josephburnett/jd/v2/options.go:106.54,108.16 2 0
github.com/josephburnett/jd/v2/options.go:108.16,110.3 1 0
github.com/josephburnett/jd/v2/options.go:111.2,111.23 1 0
github.com/josephburnett/jd/v2/options.go:111.23,113.10 2 0
github.com/josephburnett/jd/v2/options.go:113.10,115.4 1 0
github.com/josephburnett/jd/v2/options.go:116.3,116.19 1 0
github.com/josephburnett/jd/v2/options.go:118.2,118.12 1 0
github.com/josephburnett/jd/v2/options.go:121.50,124.16 3 0
github.com/josephburnett/jd/v2/options.go:124.16,126.3 1 0
github.com/josephburnett/jd/v2/options.go:127.2,128.10 2 0
github.com/josephburnett/jd/v2/options.go:128.10,130.3 1 0
github.com/josephburnett/jd/v2/options.go:131.2,131.12 1 0
github.com/josephburnett/jd/v2/options.go:131.12,133.3 1 0
github.com/josephburnett/jd/v2/options.go:134.2,134.12 1 0
github.com/josephburnett/jd/v2/options.go:137.68,140.16 3 0
github.com/josephburnett/jd/v2/options.go:140.16,142.3 1 0
github.com/josephburnett/jd/v2/options.go:143.2,144.9 2 0
github.com/josephburnett/jd/v2/options.go:144.9,146.3 1 0
github.com/josephburnett/jd/v2/options.go:147.2,148.9 2 0
github.com/josephburnett/jd/v2/options.go:148.9,150.3 1 0
github.com/josephburnett/jd/v2/options.go:151.2,152.9 2 0
github.com/josephburnett/jd/v2/options.go:152.9,154.3 1 0
github.com/josephburnett/jd/v2/options.go:155.2,155.16 1 0
github.com/josephburnett/jd/v2/options.go:165.51,166.28 1 320
github.com/josephburnett/jd/v2/options.go:166.28,167.25 1 202
github.com/josephburnett/jd/v2/options.go:167.25,169.4 1 59
github.com/josephburnett/jd/v2/options.go:171.2,171.14 1 261
github.com/josephburnett/jd/v2/options.go:174.55,175.28 1 1341
github.com/josephburnett/jd/v2/options.go:175.28,176.25 1 434
github.com/josephburnett/jd/v2/options.go:176.25,178.4 1 0
github.com/josephburnett/jd/v2/options.go:180.2,180.19 1 1341
github.com/josephburnett/jd/v2/options.go:183.55,184.39 1 60
github.com/josephburnett/jd/v2/options.go:184.39,186.3 1 10
github.com/josephburnett/jd/v2/options.go:187.2,187.28 1 50
github.com/josephburnett/jd/v2/options.go:190.54,191.23 1 2161
github.com/josephburnett/jd/v2/options.go:192.17,193.29 1 1297
github.com/josephburnett/jd/v2/options.go:193.29,194.20 1 604
github.com/josephburnett/jd/v2/options.go:195.34,196.22 1 174
github.com/josephburnett/jd/v2/options.go:197.24,198.27 1 185
github.com/josephburnett/jd/v2/options.go:201.3,201.21 1 938
github.com/josephburnett/jd/v2/options.go:203.2,203.10 1 864
github.com/josephburnett/jd/v2/patch_common.go:7.53,9.23 2 67
github.com/josephburnett/jd/v2/patch_common.go:9.23,11.24 2 207
github.com/josephburnett/jd/v2/patch_common.go:11.24,13.4 1 34
github.com/josephburnett/jd/v2/patch_common.go:14.3,15.17 2 207
github.com/josephburnett/jd/v2/patch_common.go:15.17,17.4 1 0
github.com/josephburnett/jd/v2/patch_common.go:19.2,19.15 1 67
github.com/josephburnett/jd/v2/patch_common.go:27.21,28.25 1 114
github.com/josephburnett/jd/v2/patch_common.go:28.25,29.37 1 3
github.com/josephburnett/jd/v2/patch_common.go:29.37,31.4 1 0
github.com/josephburnett/jd/v2/patch_common.go:32.3,34.10 3 3
github.com/josephburnett/jd/v2/patch_common.go:34.10,36.4 1 0
github.com/josephburnett/jd/v2/patch_common.go:37.3,39.17 3 3
github.com/josephburnett/jd/v2/patch_common.go:39.17,41.4 1 0
github.com/josephburnett/jd/v2/patch_common.go:42.3,42.38 1 3
github.com/josephburnett/jd/v2/patch_common.go:42.38,44.4 1 3
github.com/josephburnett/jd/v2/patch_common.go:45.3,45.16 1 3
github.com/josephburnett/jd/v2/patch_common.go:47.2,47.46 1 111
github.com/josephburnett/jd/v2/patch_common.go:47.46,49.3 1 0
github.com/josephburnett/jd/v2/patch_common.go:50.2,52.18 3 111
github.com/josephburnett/jd/v2/patch_common.go:53.26,54.24 1 32
github.com/josephburnett/jd/v2/patch_common.go:54.24,56.4 1 0
github.com/josephburnett/jd/v2/patch_common.go:57.27,58.29 1 79
github.com/josephburnett/jd/v2/patch_common.go:58.29,60.4 1 0
github.com/josephburnett/jd/v2/patch_common.go:61.10,62.64 1 0
github.com/josephburnett/jd/v2/patch_common.go:64.2,64.22 1 111
github.com/josephburnett/jd/v2/patch_common.go:68.45,69.21 1 240
github.com/josephburnett/jd/v2/patch_common.go:69.21,71.3 1 86
github.com/josephburnett/jd/v2/patch_common.go:72.2,72.17 1 154
github.com/josephburnett/jd/v2/patch_common.go:75.71,76.25 1 0
github.com/josephburnett/jd/v2/patch_common.go:77.14,81.17 1 0
github.com/josephburnett/jd/v2/patch_common.go:82.15,85.17 1 0
github.com/josephburnett/jd/v2/patch_common.go:86.10,87.56 1 0
github.com/josephburnett/jd/v2/patch_common.go:92.87,93.24 1 0
github.com/josephburnett/jd/v2/patch_common.go:93.24,97.3 1 0
github.com/josephburnett/jd/v2/patch_common.go:97.8,101.3 1 0
github.com/josephburnett/jd/v2/patch_common.go:104.77,108.2 1 0
github.com/josephburnett/jd/v2/patch_common.go:110.80,114.2 1 0
github.com/josephburnett/jd/v2/patch_common.go:116.92,120.2 1 0
github.com/josephburnett/jd/v2/path.go:18.44,18.45 0 0
github.com/josephburnett/jd/v2/path.go:19.44,19.45 0 0
github.com/josephburnett/jd/v2/path.go:20.44,20.45 0 0
github.com/josephburnett/jd/v2/path.go:21.44,21.45 0 0
github.com/josephburnett/jd/v2/path.go:22.44,22.45 0 0
github.com/josephburnett/jd/v2/path.go:23.44,23.45 0 0
github.com/josephburnett/jd/v2/path.go:24.44,24.45 0 0
github.com/josephburnett/jd/v2/path.go:25.44,25.45 0 0
github.com/josephburnett/jd/v2/path.go:27.65,29.27 2 3
github.com/josephburnett/jd/v2/path.go:29.27,31.3 1 3
github.com/josephburnett/jd/v2/path.go:32.2,33.29 2 0
github.com/josephburnett/jd/v2/path.go:33.29,35.9 2 0
github.com/josephburnett/jd/v2/path.go:35.9,37.4 1 0
github.com/josephburnett/jd/v2/path.go:37.9,39.4 1 0
github.com/josephburnett/jd/v2/path.go:41.2,41.25 1 0
github.com/josephburnett/jd/v2/path.go:46.40,47.14 1 316
github.com/josephburnett/jd/v2/path.go:47.14,49.3 1 0
github.com/josephburnett/jd/v2/path.go:50.2,51.9 2 316
github.com/josephburnett/jd/v2/path.go:51.9,53.3 1 0
github.com/josephburnett/jd/v2/path.go:54.2,55.22 2 316
github.com/josephburnett/jd/v2/path.go:55.22,56.24 1 743
github.com/josephburnett/jd/v2/path.go:57.19,58.21 1 321
github.com/josephburnett/jd/v2/path.go:59.19,60.23 1 408
github.com/josephburnett/jd/v2/path.go:61.19,62.19 1 6
github.com/josephburnett/jd/v2/path.go:62.19,64.5 1 6
github.com/josephburnett/jd/v2/path.go:64.10,66.5 1 0
github.com/josephburnett/jd/v2/path.go:67.18,68.18 1 8
github.com/josephburnett/jd/v2/path.go:69.11,70.26 1 8
github.com/josephburnett/jd/v2/path.go:71.11,73.12 2 0
github.com/josephburnett/jd/v2/path.go:73.12,75.6 1 0
github.com/josephburnett/jd/v2/path.go:76.5,76.31 1 0
github.com/josephburnett/jd/v2/path.go:77.12,78.92 1 0
github.com/josephburnett/jd/v2/path.go:80.11,81.87 1 0
github.com/josephburnett/jd/v2/path.go:84.2,84.15 1 316
github.com/josephburnett/jd/v2/path.go:87.35,89.22 2 340
github.com/josephburnett/jd/v2/path.go:89.22,90.24 1 821
github.com/josephburnett/jd/v2/path.go:91.16,92.24 1 372
github.com/josephburnett/jd/v2/path.go:93.18,94.24 1 435
github.com/josephburnett/jd/v2/path.go:95.16,96.23 1 6
github.com/josephburnett/jd/v2/path.go:97.21,98.22 1 8
github.com/josephburnett/jd/v2/path.go:99.20,100.24 1 0
github.com/josephburnett/jd/v2/path.go:101.25,102.35 1 0
github.com/josephburnett/jd/v2/path.go:103.11,104.72 1 0
github.com/josephburnett/jd/v2/path.go:107.2,107.10 1 340
github.com/josephburnett/jd/v2/path.go:110.52,111.17 1 532
github.com/josephburnett/jd/v2/path.go:111.17,113.3 1 14
github.com/josephburnett/jd/v2/path.go:114.2,115.26 2 518
github.com/josephburnett/jd/v2/path.go:116.15,117.32 1 244
github.com/josephburnett/jd/v2/path.go:118.17,119.25 1 246
github.com/josephburnett/jd/v2/path.go:120.15,121.43 1 12
github.com/josephburnett/jd/v2/path.go:122.20,123.48 1 16
github.com/josephburnett/jd/v2/path.go:124.19,125.43 1 0
github.com/josephburnett/jd/v2/path.go:126.24,127.48 1 0
github.com/josephburnett/jd/v2/path.go:128.10,129.71 1 0
github.com/josephburnett/jd/v2/path.go:133.29,134.17 1 114
github.com/josephburnett/jd/v2/path.go:134.17,136.3 1 111
github.com/josephburnett/jd/v2/path.go:137.2,137.16 1 3
github.com/josephburnett/jd/v2/path.go:137.16,139.3 1 0
github.com/josephburnett/jd/v2/path.go:140.2,140.21 1 3
github.com/josephburnett/jd/v2/path.go:141.60,142.14 1 0
github.com/josephburnett/jd/v2/path.go:143.10,144.15 1 3
github.com/josephburnett/jd/v2/path.go:148.28,150.22 2 623
github.com/josephburnett/jd/v2/path.go:150.22,152.3 1 1269
github.com/josephburnett/jd/v2/path.go:153.2,153.11 1 623
github.com/josephburnett/jd/v2/path.go:156.27,157.16 1 429
github.com/josephburnett/jd/v2/path.go:157.16,159.3 1 429
github.com/josephburnett/jd/v2/path.go:160.2,160.10 1 0
github.com/josephburnett/jd/v2/pointer.go:11.42,13.16 2 178
github.com/josephburnett/jd/v2/pointer.go:13.16,15.3 1 0
github.com/josephburnett/jd/v2/pointer.go:16.2,18.27 3 178
github.com/josephburnett/jd/v2/pointer.go:18.27,22.17 4 451
github.com/josephburnett/jd/v2/pointer.go:22.17,24.4 1 286
github.com/josephburnett/jd/v2/pointer.go:24.9,26.4 1 165
github.com/josephburnett/jd/v2/pointer.go:27.3,27.17 1 451
github.com/josephburnett/jd/v2/pointer.go:27.17,29.4 1 0
github.com/josephburnett/jd/v2/pointer.go:30.3,30.52 1 451
github.com/josephburnett/jd/v2/pointer.go:30.52,32.4 1 0
github.com/josephburnett/jd/v2/pointer.go:33.3,33.20 1 451
github.com/josephburnett/jd/v2/pointer.go:35.2,35.22 1 178
github.com/josephburnett/jd/v2/pointer.go:38.52,40.31 2 66
github.com/josephburnett/jd/v2/pointer.go:40.31,42.30 2 171
github.com/josephburnett/jd/v2/pointer.go:43.19,44.20 1 102
github.com/josephburnett/jd/v2/pointer.go:44.20,46.5 1 0
github.com/josephburnett/jd/v2/pointer.go:46.10,48.5 1 102
github.com/josephburnett/jd/v2/pointer.go:49.19,50.53 1 69
github.com/josephburnett/jd/v2/pointer.go:50.53,52.5 1 0
github.com/josephburnett/jd/v2/pointer.go:53.4,53.24 1 69
github.com/josephburnett/jd/v2/pointer.go:53.24,55.5 1 0
github.com/josephburnett/jd/v2/pointer.go:56.4,57.20 2 69
github.com/josephburnett/jd/v2/pointer.go:58.18,59.70 1 0
github.com/josephburnett/jd/v2/pointer.go:60.11,61.52 1 0
github.com/josephburnett/jd/v2/pointer.go:64.2,64.24 1 66
github.com/josephburnett/jd/v2/set.go:12.43,14.2 1 0
github.com/josephburnett/jd/v2/set.go:16.43,18.2 1 0
github.com/josephburnett/jd/v2/set.go:20.36,22.22 2 0
github.com/josephburnett/jd/v2/set.go:22.22,25.3 2 0
github.com/josephburnett/jd/v2/set.go:26.2,27.23 2 0
github.com/josephburnett/jd/v2/set.go:27.23,29.3 1 0
github.com/josephburnett/jd/v2/set.go:30.2,32.28 3 0
github.com/josephburnett/jd/v2/set.go:32.28,34.3 1 0
github.com/josephburnett/jd/v2/set.go:35.2,35.12 1 0
github.com/josephburnett/jd/v2/set.go:38.62,41.9 3 17
github.com/josephburnett/jd/v2/set.go:41.9,43.3 1 0
github.com/josephburnett/jd/v2/set.go:44.2,44.50 1 17
github.com/josephburnett/jd/v2/set.go:44.50,46.3 1 17
github.com/josephburnett/jd/v2/set.go:46.8,48.3 1 0
github.com/josephburnett/jd/v2/set.go:51.53,53.22 2 150
github.com/josephburnett/jd/v2/set.go:53.22,57.3 3 528
github.com/josephburnett/jd/v2/set.go:58.2,59.23 2 150
github.com/josephburnett/jd/v2/set.go:59.23,61.3 1 356
github.com/josephburnett/jd/v2/set.go:62.2,62.25 1 150
github.com/josephburnett/jd/v2/set.go:65.59,67.2 1 0
github.com/josephburnett/jd/v2/set.go:74.8,77.9 3 12
github.com/josephburnett/jd/v2/set.go:77.9,80.19 2 0
github.com/josephburnett/jd/v2/set.go:81.27,88.5 1 0
github.com/josephburnett/jd/v2/set.go:89.11,94.5 1 0
github.com/josephburnett/jd/v2/set.go:96.3,96.22 1 0
github.com/josephburnett/jd/v2/set.go:98.2,98.53 1 12
github.com/josephburnett/jd/v2/set.go:98.53,107.3 2 0
github.com/josephburnett/jd/v2/set.go:108.2,109.23 2 12
github.com/josephburnett/jd/v2/set.go:109.23,111.34 2 41
github.com/josephburnett/jd/v2/set.go:111.34,114.4 1 12
github.com/josephburnett/jd/v2/set.go:114.9,117.4 1 29
github.com/josephburnett/jd/v2/set.go:118.3,118.16 1 41
github.com/josephburnett/jd/v2/set.go:120.2,121.23 2 12
github.com/josephburnett/jd/v2/set.go:121.23,123.34 2 37
github.com/josephburnett/jd/v2/set.go:123.34,126.4 1 13
github.com/josephburnett/jd/v2/set.go:126.9,129.4 1 24
github.com/josephburnett/jd/v2/set.go:130.3,130.16 1 37
github.com/josephburnett/jd/v2/set.go:132.2,133.24 2 12
github.com/josephburnett/jd/v2/set.go:133.24,135.3 1 28
github.com/josephburnett/jd/v2/set.go:136.2,138.24 3 12
github.com/josephburnett/jd/v2/set.go:138.24,140.3 1 27
github.com/josephburnett/jd/v2/set.go:141.2,147.30 3 12
github.com/josephburnett/jd/v2/set.go:147.30,149.10 2 28
github.com/josephburnett/jd/v2/set.go:149.10,152.4 1 14
github.com/josephburnett/jd/v2/set.go:152.9,156.30 3 14
github.com/josephburnett/jd/v2/set.go:156.30,161.5 3 3
github.com/josephburnett/jd/v2/set.go:164.2,164.30 1 12
github.com/josephburnett/jd/v2/set.go:164.30,166.10 2 27
github.com/josephburnett/jd/v2/set.go:166.10,169.4 1 13
github.com/josephburnett/jd/v2/set.go:171.2,171.41 1 12
github.com/josephburnett/jd/v2/set.go:171.41,173.3 1 6
github.com/josephburnett/jd/v2/set.go:174.2,174.10 1 12
github.com/josephburnett/jd/v2/set.go:177.50,179.2 1 0
github.com/josephburnett/jd/v2/set.go:185.21,188.36 1 6
github.com/josephburnett/jd/v2/set.go:188.36,190.3 1 0
github.com/josephburnett/jd/v2/set.go:194.2,194.25 1 6
github.com/josephburnett/jd/v2/set.go:194.25,195.47 1 0
github.com/josephburnett/jd/v2/set.go:195.47,197.4 1 0
github.com/josephburnett/jd/v2/set.go:198.3,200.26 3 0
github.com/josephburnett/jd/v2/set.go:200.26,202.4 1 0
github.com/josephburnett/jd/v2/set.go:203.3,203.23 1 0
github.com/josephburnett/jd/v2/set.go:206.2,208.25 3 6
github.com/josephburnett/jd/v2/set.go:208.25,211.23 2 0
github.com/josephburnett/jd/v2/set.go:211.23,212.35 1 0
github.com/josephburnett/jd/v2/set.go:212.35,214.25 2 0
github.com/josephburnett/jd/v2/set.go:214.25,217.6 2 0
github.com/josephburnett/jd/v2/set.go:220.3,220.116 1 0
github.com/josephburnett/jd/v2/set.go:222.2,223.9 2 6
github.com/josephburnett/jd/v2/set.go:223.9,226.3 1 0
github.com/josephburnett/jd/v2/set.go:228.2,229.22 2 6
github.com/josephburnett/jd/v2/set.go:229.22,231.34 2 19
github.com/josephburnett/jd/v2/set.go:231.34,234.4 1 8
github.com/josephburnett/jd/v2/set.go:234.9,237.4 1 11
github.com/josephburnett/jd/v2/set.go:238.3,238.15 1 19
github.com/josephburnett/jd/v2/set.go:240.2,240.30 1 6
github.com/josephburnett/jd/v2/set.go:240.30,242.34 2 14
github.com/josephburnett/jd/v2/set.go:242.34,245.4 1 4
github.com/josephburnett/jd/v2/set.go:245.9,248.4 1 10
github.com/josephburnett/jd/v2/set.go:249.3,250.10 2 14
github.com/josephburnett/jd/v2/set.go:250.10,254.4 1 0
github.com/josephburnett/jd/v2/set.go:255.3,255.39 1 14
github.com/josephburnett/jd/v2/set.go:255.39,260.4 1 0
github.com/josephburnett/jd/v2/set.go:261.3,261.19 1 14
github.com/josephburnett/jd/v2/set.go:263.2,263.30 1 6
github.com/josephburnett/jd/v2/set.go:263.30,265.34 2 13
github.com/josephburnett/jd/v2/set.go:265.34,268.4 1 5
github.com/josephburnett/jd/v2/set.go:268.9,271.4 1 8
github.com/josephburnett/jd/v2/set.go:272.3,272.15 1 13
github.com/josephburnett/jd/v2/set.go:274.2,275.23 2 6
github.com/josephburnett/jd/v2/set.go:275.23,277.3 1 15
github.com/josephburnett/jd/v2/set.go:278.2,280.28 3 6
github.com/josephburnett/jd/v2/set.go:280.28,282.3 1 15
github.com/josephburnett/jd/v2/set.go:283.2,283.22 1 6
github.com/josephburnett/jd/v2/string.go:7.46,9.2 1 0
github.com/josephburnett/jd/v2/string.go:11.46,13.2 1 0
github.com/josephburnett/jd/v2/string.go:15.39,17.2 1 202
github.com/josephburnett/jd/v2/string.go:19.65,21.9 2 402
github.com/josephburnett/jd/v2/string.go:21.9,23.3 1 0
github.com/josephburnett/jd/v2/string.go:24.2,24.17 1 402
github.com/josephburnett/jd/v2/string.go:27.50,29.2 1 576
github.com/josephburnett/jd/v2/string.go:31.62,33.2 1 0
github.com/josephburnett/jd/v2/string.go:40.8,42.2 1 102
github.com/josephburnett/jd/v2/string.go:44.53,46.2 1 0
github.com/josephburnett/jd/v2/string.go:52.21,54.2 1 0
github.com/josephburnett/jd/v2/utils.go:11.40,12.25 1 807
github.com/josephburnett/jd/v2/utils.go:13.30,15.27 2 128
github.com/josephburnett/jd/v2/utils.go:15.27,16.41 1 338
github.com/josephburnett/jd/v2/utils.go:16.41,18.5 1 34
github.com/josephburnett/jd/v2/utils.go:20.3,20.17 1 128
github.com/josephburnett/jd/v2/utils.go:21.21,23.27 2 73
github.com/josephburnett/jd/v2/utils.go:23.27,24.41 1 248
github.com/josephburnett/jd/v2/utils.go:24.41,26.5 1 12
github.com/josephburnett/jd/v2/utils.go:28.3,28.17 1 73
github.com/josephburnett/jd/v2/utils.go:29.10,30.11 1 606
github.com/josephburnett/jd/v2/utils.go:34.76,35.17 1 3
github.com/josephburnett/jd/v2/utils.go:35.17,37.3 1 0
github.com/josephburnett/jd/v2/utils.go:38.2,39.16 2 3
github.com/josephburnett/jd/v2/utils.go:39.16,41.3 1 0
github.com/josephburnett/jd/v2/utils.go:42.2,42.18 1 3
github.com/josephburnett/jd/v2/utils.go:42.18,44.17 2 17
github.com/josephburnett/jd/v2/utils.go:44.17,46.4 1 0
github.com/josephburnett/jd/v2/utils.go:47.3,48.17 2 17
github.com/josephburnett/jd/v2/utils.go:48.17,50.4 1 0
github.com/josephburnett/jd/v2/utils.go:51.3,51.14 1 17
github.com/josephburnett/jd/v2/utils.go:53.2,53.15 1 3
github.com/josephburnett/jd/v2/utils.go:56.75,57.14 1 1751
github.com/josephburnett/jd/v2/utils.go:57.14,59.3 1 0
github.com/josephburnett/jd/v2/utils.go:60.2,61.16 2 1751
github.com/josephburnett/jd/v2/utils.go:61.16,63.3 1 0
github.com/josephburnett/jd/v2/utils.go:64.2,64.35 1 1751
github.com/josephburnett/jd/v2/utils.go:67.75,69.16 2 311
github.com/josephburnett/jd/v2/utils.go:69.16,71.3 1 0
github.com/josephburnett/jd/v2/utils.go:72.2,73.16 2 311
github.com/josephburnett/jd/v2/utils.go:73.16,75.3 1 0
github.com/josephburnett/jd/v2/utils.go:76.2,76.35 1 311
github.com/josephburnett/jd/v2/utils.go:79.63,81.16 2 44
github.com/josephburnett/jd/v2/utils.go:81.16,83.3 1 0
github.com/josephburnett/jd/v2/utils.go:84.2,84.28 1 44
github.com/josephburnett/jd/v2/utils.go:84.28,86.3 1 0
github.com/josephburnett/jd/v2/utils.go:87.2,87.31 1 44
github.com/josephburnett/jd/v2/utils.go:87.31,89.3 1 0
github.com/josephburnett/jd/v2/utils.go:90.2,90.15 1 44
github.com/josephburnett/jd/v2/utils.go:93.63,95.16 2 71
github.com/josephburnett/jd/v2/utils.go:95.16,97.3 1 0
github.com/josephburnett/jd/v2/utils.go:98.2,98.19 1 71
github.com/josephburnett/jd/v2/utils.go:98.19,100.3 1 0
github.com/josephburnett/jd/v2/utils.go:101.2,101.22 1 71
github.com/josephburnett/jd/v2/utils.go:101.22,103.3 1 0
github.com/josephburnett/jd/v2/utils.go:104.2,104.15 1 71
github.com/josephburnett/jd/v2/utils.go:107.44,109.2 1 0
github.com/josephburnett/jd/v2/utils.go:111.81,112.19 1 10
github.com/josephburnett/jd/v2/utils.go:112.19,114.17 2 33
github.com/josephburnett/jd/v2/utils.go:114.17,116.4 1 0
github.com/josephburnett/jd/v2/utils.go:117.3,117.13 1 33
github.com/josephburnett/jd/v2/utils.go:119.2,119.12 1 10
github.com/josephburnett/jd/v2/void.go:7.30,8.14 1 781
github.com/josephburnett/jd/v2/void.go:8.14,10.3 1 0
github.com/josephburnett/jd/v2/void.go:11.2,11.31 1 781
github.com/josephburnett/jd/v2/void.go:11.31,13.3 1 125
github.com/josephburnett/jd/v2/void.go:14.2,14.14 1 656
github.com/josephburnett/jd/v2/void.go:17.30,18.14 1 490
github.com/josephburnett/jd/v2/void.go:18.14,20.3 1 0
github.com/josephburnett/jd/v2/void.go:21.2,21.31 1 490
github.com/josephburnett/jd/v2/void.go:21.31,23.3 1 2
github.com/josephburnett/jd/v2/void.go:24.2,24.14 1 488
github.com/josephburnett/jd/v2/void.go:27.44,29.2 1 0
github.com/josephburnett/jd/v2/void.go:31.44,33.2 1 0
github.com/josephburnett/jd/v2/void.go:35.37,37.2 1 0
github.com/josephburnett/jd/v2/void.go:39.62,40.18 1 35
github.com/josephburnett/jd/v2/void.go:41.16,42.14 1 35
github.com/josephburnett/jd/v2/void.go:43.10,44.15 1 0
github.com/josephburnett/jd/v2/void.go:48.48,50.2 1 0
github.com/josephburnett/jd/v2/void.go:52.60,54.2 1 0
github.com/josephburnett/jd/v2/void.go:61.8,63.2 1 0
github.com/josephburnett/jd/v2/void.go:65.51,67.2 1 8
github.com/josephburnett/jd/v2/void.go:73.21,75.2 1 58
